<?xml version="1.0" encoding="UTF-8"?>
<testng-results ignored="0" total="1" passed="1" failed="0" skipped="0">
  <reporter-output>
  </reporter-output>
  <suite started-at="2022-10-10T23:48:24 IST" name="Default suite" finished-at="2022-10-10T23:48:37 IST" duration-ms="13252">
    <groups>
    </groups>
    <test started-at="2022-10-10T23:48:24 IST" name="Default test" finished-at="2022-10-10T23:48:37 IST" duration-ms="13252">
      <class name="Authentication.PostWithBearerToken">
        <test-method signature="GetBearerToken()[pri:0, instance:Authentication.PostWithBearerToken@5fd4f8f5]" started-at="2022-10-10T23:48:24 IST" name="GetBearerToken" finished-at="2022-10-10T23:48:37 IST" duration-ms="13214" status="PASS">
          <reporter-output>
          </reporter-output>
        </test-method> <!-- GetBearerToken -->
      </class> <!-- Authentication.PostWithBearerToken -->
    </test> <!-- Default test -->
  </suite> <!-- Default suite -->
</testng-results>
