<?xml version="1.0" encoding="UTF-8"?>
<testng-results ignored="0" total="2" passed="2" failed="0" skipped="0">
  <reporter-output>
  </reporter-output>
  <suite started-at="2022-10-10T00:09:06 IST" name="Default suite" finished-at="2022-10-10T00:09:13 IST" duration-ms="6473">
    <groups>
    </groups>
    <test started-at="2022-10-10T00:09:06 IST" name="Default test" finished-at="2022-10-10T00:09:13 IST" duration-ms="6473">
      <class name="requestChaining.Chaining">
        <test-method signature="test01()[pri:1, instance:requestChaining.Chaining@67080771]" started-at="2022-10-10T00:09:06 IST" name="test01" finished-at="2022-10-10T00:09:10 IST" duration-ms="4354" status="PASS">
          <reporter-output>
          </reporter-output>
        </test-method> <!-- test01 -->
        <test-method signature="test02()[pri:2, instance:requestChaining.Chaining@67080771]" started-at="2022-10-10T00:09:10 IST" name="test02" finished-at="2022-10-10T00:09:13 IST" duration-ms="2068" status="PASS">
          <reporter-output>
          </reporter-output>
        </test-method> <!-- test02 -->
      </class> <!-- requestChaining.Chaining -->
    </test> <!-- Default test -->
  </suite> <!-- Default suite -->
</testng-results>
